  [1m[36m (0.1ms)[0m  [1mselect sqlite_version(*)[0m
  [1m[35m (2.4ms)[0m  CREATE TABLE "schema_migrations" ("version" varchar(255) NOT NULL) 
  [1m[36m (0.0ms)[0m  [1mPRAGMA index_list("schema_migrations")[0m
  [1m[35m (2.7ms)[0m  CREATE UNIQUE INDEX "unique_schema_migrations" ON "schema_migrations" ("version")
  [1m[36m (0.1ms)[0m  [1mSELECT "schema_migrations"."version" FROM "schema_migrations" [0m
Migrating to AddDeviseToUsers (20111201111451)
  [1m[35m (9.9ms)[0m  ALTER TABLE "users" ADD "email" varchar(255) DEFAULT '' NOT NULL
SQLite3::SQLException: no such table: users: ALTER TABLE "users" ADD "email" varchar(255) DEFAULT '' NOT NULL
  [1m[36m (0.3ms)[0m  [1mselect sqlite_version(*)[0m
  [1m[35m (0.1ms)[0m  SELECT "schema_migrations"."version" FROM "schema_migrations" 
  [1m[36m (0.1ms)[0m  [1mSELECT "schema_migrations"."version" FROM "schema_migrations" [0m
Migrating to AddDeviseToUsers (20111201111618)
  [1m[35m (0.0ms)[0m  select sqlite_version(*)
  [1m[36m (0.2ms)[0m  [1mALTER TABLE "users" ADD "email" varchar(255) DEFAULT '' NOT NULL[0m
SQLite3::SQLException: no such table: users: ALTER TABLE "users" ADD "email" varchar(255) DEFAULT '' NOT NULL
  [1m[36m (0.1ms)[0m  [1mSELECT "schema_migrations"."version" FROM "schema_migrations" [0m
Migrating to AddDeviseToUsers (20111201111618)
  [1m[35m (0.0ms)[0m  select sqlite_version(*)
  [1m[36m (0.3ms)[0m  [1mALTER TABLE "users" ADD "email" varchar(255) DEFAULT '' NOT NULL[0m
SQLite3::SQLException: no such table: users: ALTER TABLE "users" ADD "email" varchar(255) DEFAULT '' NOT NULL
  [1m[36m (0.1ms)[0m  [1mselect sqlite_version(*)[0m
  [1m[35m (49.8ms)[0m  CREATE TABLE "schema_migrations" ("version" varchar(255) NOT NULL) 
  [1m[36m (0.1ms)[0m  [1mPRAGMA index_list("schema_migrations")[0m
  [1m[35m (3.0ms)[0m  CREATE UNIQUE INDEX "unique_schema_migrations" ON "schema_migrations" ("version")
  [1m[36m (0.1ms)[0m  [1mSELECT "schema_migrations"."version" FROM "schema_migrations" [0m
Migrating to AddDeviseToUsers (20111201111618)
  [1m[35m (0.2ms)[0m  ALTER TABLE "users" ADD "email" varchar(255) DEFAULT '' NOT NULL
SQLite3::SQLException: no such table: users: ALTER TABLE "users" ADD "email" varchar(255) DEFAULT '' NOT NULL
  [1m[36m (0.1ms)[0m  [1mSELECT "schema_migrations"."version" FROM "schema_migrations" [0m
Migrating to CreateUsers (20111201111937)
  [1m[35m (0.0ms)[0m  select sqlite_version(*)
  [1m[36m (0.5ms)[0m  [1mCREATE TABLE "users" ("id" INTEGER PRIMARY KEY AUTOINCREMENT NOT NULL, "created_at" datetime, "updated_at" datetime) [0m
  [1m[35m (0.1ms)[0m  INSERT INTO "schema_migrations" ("version") VALUES ('20111201111937')
Migrating to AddDeviseToUsers (20111201111948)
  [1m[36m (53.7ms)[0m  [1mALTER TABLE "users" ADD "email" varchar(255) DEFAULT '' NOT NULL[0m
  [1m[35m (0.2ms)[0m  ALTER TABLE "users" ADD "encrypted_password" varchar(128) DEFAULT '' NOT NULL
  [1m[36m (0.1ms)[0m  [1mALTER TABLE "users" ADD "reset_password_token" varchar(255)[0m
  [1m[35m (0.1ms)[0m  ALTER TABLE "users" ADD "reset_password_sent_at" datetime
  [1m[36m (0.1ms)[0m  [1mALTER TABLE "users" ADD "remember_created_at" datetime[0m
  [1m[35m (0.3ms)[0m  ALTER TABLE "users" ADD "sign_in_count" integer DEFAULT 0
  [1m[36m (0.1ms)[0m  [1mALTER TABLE "users" ADD "current_sign_in_at" datetime[0m
  [1m[35m (0.1ms)[0m  ALTER TABLE "users" ADD "last_sign_in_at" datetime
  [1m[36m (0.1ms)[0m  [1mALTER TABLE "users" ADD "current_sign_in_ip" varchar(255)[0m
  [1m[35m (0.2ms)[0m  ALTER TABLE "users" ADD "last_sign_in_ip" varchar(255)
  [1m[36m (0.1ms)[0m  [1mPRAGMA index_list("users")[0m
  [1m[35m (0.5ms)[0m  CREATE UNIQUE INDEX "index_users_on_email" ON "users" ("email")
  [1m[36m (0.0ms)[0m  [1mPRAGMA index_list("users")[0m
  [1m[35m (0.0ms)[0m  PRAGMA index_info('index_users_on_email')
  [1m[36m (0.1ms)[0m  [1mCREATE UNIQUE INDEX "index_users_on_reset_password_token" ON "users" ("reset_password_token")[0m
  [1m[35m (0.1ms)[0m  INSERT INTO "schema_migrations" ("version") VALUES ('20111201111948')
  [1m[36m (0.4ms)[0m  [1mselect sqlite_version(*)[0m
  [1m[35m (0.1ms)[0m  SELECT "schema_migrations"."version" FROM "schema_migrations" 
  [1m[36m (0.0ms)[0m  [1mPRAGMA index_list("users")[0m
  [1m[35m (0.0ms)[0m  PRAGMA index_info('index_users_on_reset_password_token')
  [1m[36m (0.0ms)[0m  [1mPRAGMA index_info('index_users_on_email')[0m
  [1m[36m (0.1ms)[0m  [1mSELECT "schema_migrations"."version" FROM "schema_migrations" [0m
Migrating to CreateUsers (20111201111937)
Migrating to AddDeviseToUsers (20111201111948)
Migrating to CreateManifestations (20111201115353)
  [1m[35m (0.0ms)[0m  select sqlite_version(*)
  [1m[36m (0.5ms)[0m  [1mCREATE TABLE "manifestations" ("id" INTEGER PRIMARY KEY AUTOINCREMENT NOT NULL, "original_title" text, "title_transcription" text, "title_alternative" text, "pub_date" varchar(255), "isbn" varchar(255), "nbn" varchar(255), "ndc" varchar(255), "created_at" datetime, "updated_at" datetime) [0m
  [1m[35m (0.2ms)[0m  INSERT INTO "schema_migrations" ("version") VALUES ('20111201115353')
Migrating to CreatePatrons (20111201115421)
  [1m[36m (0.5ms)[0m  [1mCREATE TABLE "patrons" ("id" INTEGER PRIMARY KEY AUTOINCREMENT NOT NULL, "full_name" text, "full_name_transcription" text, "created_at" datetime, "updated_at" datetime) [0m
  [1m[35m (0.1ms)[0m  INSERT INTO "schema_migrations" ("version") VALUES ('20111201115421')
Migrating to CreateCreates (20111201115527)
  [1m[36m (0.5ms)[0m  [1mCREATE TABLE "creates" ("id" INTEGER PRIMARY KEY AUTOINCREMENT NOT NULL, "work_id" integer, "patron_id" integer, "created_at" datetime, "updated_at" datetime) [0m
  [1m[35m (0.2ms)[0m  INSERT INTO "schema_migrations" ("version") VALUES ('20111201115527')
Migrating to CreateProduces (20111201115540)
  [1m[36m (0.5ms)[0m  [1mCREATE TABLE "produces" ("id" INTEGER PRIMARY KEY AUTOINCREMENT NOT NULL, "manifestation_id" integer, "patron_id" integer, "created_at" datetime, "updated_at" datetime) [0m
  [1m[35m (0.2ms)[0m  INSERT INTO "schema_migrations" ("version") VALUES ('20111201115540')
  [1m[36m (0.4ms)[0m  [1mselect sqlite_version(*)[0m
  [1m[35m (0.1ms)[0m  SELECT "schema_migrations"."version" FROM "schema_migrations" 
  [1m[36m (0.0ms)[0m  [1mPRAGMA index_list("creates")[0m
  [1m[35m (0.0ms)[0m  PRAGMA index_list("manifestations")
  [1m[36m (0.0ms)[0m  [1mPRAGMA index_list("patrons")[0m
  [1m[35m (0.0ms)[0m  PRAGMA index_list("produces")
  [1m[36m (0.0ms)[0m  [1mPRAGMA index_list("users")[0m
  [1m[35m (0.0ms)[0m  PRAGMA index_info('index_users_on_reset_password_token')
  [1m[36m (0.0ms)[0m  [1mPRAGMA index_info('index_users_on_email')[0m
  [1m[36m (0.1ms)[0m  [1mselect sqlite_version(*)[0m
  [1m[35m (56.0ms)[0m  CREATE TABLE "schema_migrations" ("version" varchar(255) NOT NULL) 
  [1m[36m (0.1ms)[0m  [1mPRAGMA index_list("schema_migrations")[0m
  [1m[35m (3.3ms)[0m  CREATE UNIQUE INDEX "unique_schema_migrations" ON "schema_migrations" ("version")
  [1m[36m (0.1ms)[0m  [1mselect sqlite_version(*)[0m
  [1m[35m (53.6ms)[0m  CREATE TABLE "schema_migrations" ("version" varchar(255) NOT NULL) 
  [1m[36m (0.1ms)[0m  [1mPRAGMA index_list("schema_migrations")[0m
  [1m[35m (2.8ms)[0m  CREATE UNIQUE INDEX "unique_schema_migrations" ON "schema_migrations" ("version")
  [1m[36m (0.1ms)[0m  [1mSELECT "schema_migrations"."version" FROM "schema_migrations" [0m
Migrating to CreateUsers (20111201111937)
  [1m[35m (0.0ms)[0m  select sqlite_version(*)
  [1m[36m (0.6ms)[0m  [1mCREATE TABLE "users" ("id" INTEGER PRIMARY KEY AUTOINCREMENT NOT NULL, "created_at" datetime, "updated_at" datetime) [0m
  [1m[35m (0.1ms)[0m  INSERT INTO "schema_migrations" ("version") VALUES ('20111201111937')
Migrating to AddDeviseToUsers (20111201111948)
  [1m[36m (0.5ms)[0m  [1mALTER TABLE "users" ADD "email" varchar(255) DEFAULT '' NOT NULL[0m
  [1m[35m (0.2ms)[0m  ALTER TABLE "users" ADD "encrypted_password" varchar(128) DEFAULT '' NOT NULL
  [1m[36m (0.2ms)[0m  [1mALTER TABLE "users" ADD "reset_password_token" varchar(255)[0m
  [1m[35m (0.1ms)[0m  ALTER TABLE "users" ADD "reset_password_sent_at" datetime
  [1m[36m (0.2ms)[0m  [1mALTER TABLE "users" ADD "remember_created_at" datetime[0m
  [1m[35m (0.3ms)[0m  ALTER TABLE "users" ADD "sign_in_count" integer DEFAULT 0
  [1m[36m (0.2ms)[0m  [1mALTER TABLE "users" ADD "current_sign_in_at" datetime[0m
  [1m[35m (0.2ms)[0m  ALTER TABLE "users" ADD "last_sign_in_at" datetime
  [1m[36m (0.2ms)[0m  [1mALTER TABLE "users" ADD "current_sign_in_ip" varchar(255)[0m
  [1m[35m (0.2ms)[0m  ALTER TABLE "users" ADD "last_sign_in_ip" varchar(255)
  [1m[36m (0.0ms)[0m  [1mPRAGMA index_list("users")[0m
  [1m[35m (0.5ms)[0m  CREATE UNIQUE INDEX "index_users_on_email" ON "users" ("email")
  [1m[36m (0.1ms)[0m  [1mPRAGMA index_list("users")[0m
  [1m[35m (0.0ms)[0m  PRAGMA index_info('index_users_on_email')
  [1m[36m (0.2ms)[0m  [1mCREATE UNIQUE INDEX "index_users_on_reset_password_token" ON "users" ("reset_password_token")[0m
  [1m[35m (0.1ms)[0m  INSERT INTO "schema_migrations" ("version") VALUES ('20111201111948')
Migrating to CreateManifestations (20111201115353)
  [1m[36m (0.5ms)[0m  [1mCREATE TABLE "manifestations" ("id" INTEGER PRIMARY KEY AUTOINCREMENT NOT NULL, "original_title" text, "title_transcription" text, "title_alternative" text, "pub_date" varchar(255), "isbn" varchar(255), "nbn" varchar(255), "ndc" varchar(255), "created_at" datetime, "updated_at" datetime) [0m
  [1m[35m (0.1ms)[0m  INSERT INTO "schema_migrations" ("version") VALUES ('20111201115353')
Migrating to CreatePatrons (20111201115421)
  [1m[36m (0.5ms)[0m  [1mCREATE TABLE "patrons" ("id" INTEGER PRIMARY KEY AUTOINCREMENT NOT NULL, "full_name" text, "full_name_transcription" text, "created_at" datetime, "updated_at" datetime) [0m
  [1m[35m (0.1ms)[0m  INSERT INTO "schema_migrations" ("version") VALUES ('20111201115421')
Migrating to CreateCreates (20111201115527)
  [1m[36m (0.4ms)[0m  [1mCREATE TABLE "creates" ("id" INTEGER PRIMARY KEY AUTOINCREMENT NOT NULL, "work_id" integer, "patron_id" integer, "created_at" datetime, "updated_at" datetime) [0m
  [1m[35m (0.4ms)[0m  INSERT INTO "schema_migrations" ("version") VALUES ('20111201115527')
Migrating to CreateProduces (20111201115540)
  [1m[36m (0.5ms)[0m  [1mCREATE TABLE "produces" ("id" INTEGER PRIMARY KEY AUTOINCREMENT NOT NULL, "manifestation_id" integer, "patron_id" integer, "created_at" datetime, "updated_at" datetime) [0m
  [1m[35m (0.2ms)[0m  INSERT INTO "schema_migrations" ("version") VALUES ('20111201115540')
  [1m[36m (0.4ms)[0m  [1mselect sqlite_version(*)[0m
  [1m[35m (0.1ms)[0m  SELECT "schema_migrations"."version" FROM "schema_migrations" 
  [1m[36m (0.0ms)[0m  [1mPRAGMA index_list("creates")[0m
  [1m[35m (0.0ms)[0m  PRAGMA index_list("manifestations")
  [1m[36m (0.0ms)[0m  [1mPRAGMA index_list("patrons")[0m
  [1m[35m (0.0ms)[0m  PRAGMA index_list("produces")
  [1m[36m (0.0ms)[0m  [1mPRAGMA index_list("users")[0m
  [1m[35m (0.0ms)[0m  PRAGMA index_info('index_users_on_reset_password_token')
  [1m[36m (0.0ms)[0m  [1mPRAGMA index_info('index_users_on_email')[0m
  [1m[36m (0.2ms)[0m  [1mSELECT "schema_migrations"."version" FROM "schema_migrations" [0m
Migrating to CreateUsers (20111201111937)
Migrating to AddDeviseToUsers (20111201111948)
Migrating to CreateManifestations (20111201115353)
Migrating to CreatePatrons (20111201115421)
Migrating to CreateCreates (20111201115527)
Migrating to CreateProduces (20111201115540)
Migrating to CreateLanguages (20111201121636)
  [1m[35m (0.0ms)[0m  select sqlite_version(*)
  [1m[36m (0.5ms)[0m  [1mCREATE TABLE "languages" ("id" INTEGER PRIMARY KEY AUTOINCREMENT NOT NULL, "name" varchar(255), "native_name" varchar(255), "iso_639_1" varchar(255), "iso_639_2" varchar(255), "iso_639_3" varchar(255), "note" text, "position" integer, "created_at" datetime, "updated_at" datetime) [0m
  [1m[35m (0.1ms)[0m  INSERT INTO "schema_migrations" ("version") VALUES ('20111201121636')
  [1m[36m (0.5ms)[0m  [1mselect sqlite_version(*)[0m
  [1m[35m (0.1ms)[0m  SELECT "schema_migrations"."version" FROM "schema_migrations" 
  [1m[36m (0.0ms)[0m  [1mPRAGMA index_list("creates")[0m
  [1m[35m (0.0ms)[0m  PRAGMA index_list("languages")
  [1m[36m (0.0ms)[0m  [1mPRAGMA index_list("manifestations")[0m
  [1m[35m (0.0ms)[0m  PRAGMA index_list("patrons")
  [1m[36m (0.0ms)[0m  [1mPRAGMA index_list("produces")[0m
  [1m[35m (0.0ms)[0m  PRAGMA index_list("users")
  [1m[36m (0.0ms)[0m  [1mPRAGMA index_info('index_users_on_reset_password_token')[0m
  [1m[35m (0.0ms)[0m  PRAGMA index_info('index_users_on_email')
  [1m[36m (0.1ms)[0m  [1mSELECT "schema_migrations"."version" FROM "schema_migrations" [0m
Migrating to CreateUsers (20111201111937)
Migrating to AddDeviseToUsers (20111201111948)
Migrating to CreateManifestations (20111201115353)
Migrating to CreatePatrons (20111201115421)
Migrating to CreateCreates (20111201115527)
Migrating to CreateProduces (20111201115540)
Migrating to CreateLanguages (20111201121636)
Migrating to CreateRoles (20111201121844)
  [1m[35m (0.0ms)[0m  select sqlite_version(*)
  [1m[36m (0.5ms)[0m  [1mCREATE TABLE "roles" ("id" INTEGER PRIMARY KEY AUTOINCREMENT NOT NULL, "name" varchar(255), "display_name" text, "note" text, "position" integer, "created_at" datetime, "updated_at" datetime) [0m
  [1m[35m (0.1ms)[0m  INSERT INTO "schema_migrations" ("version") VALUES ('20111201121844')
  [1m[36m (0.4ms)[0m  [1mselect sqlite_version(*)[0m
  [1m[35m (0.1ms)[0m  SELECT "schema_migrations"."version" FROM "schema_migrations" 
  [1m[36m (0.0ms)[0m  [1mPRAGMA index_list("creates")[0m
  [1m[35m (0.0ms)[0m  PRAGMA index_list("languages")
  [1m[36m (0.0ms)[0m  [1mPRAGMA index_list("manifestations")[0m
  [1m[35m (0.0ms)[0m  PRAGMA index_list("patrons")
  [1m[36m (0.0ms)[0m  [1mPRAGMA index_list("produces")[0m
  [1m[35m (0.0ms)[0m  PRAGMA index_list("roles")
  [1m[36m (0.0ms)[0m  [1mPRAGMA index_list("users")[0m
  [1m[35m (0.0ms)[0m  PRAGMA index_info('index_users_on_reset_password_token')
  [1m[36m (0.0ms)[0m  [1mPRAGMA index_info('index_users_on_email')[0m
  [1m[36m (0.1ms)[0m  [1mSELECT "schema_migrations"."version" FROM "schema_migrations" [0m
  [1m[35m (0.2ms)[0m  select sqlite_version(*)
  [1m[36m (3.6ms)[0m  [1mCREATE TABLE "creates" ("id" INTEGER PRIMARY KEY AUTOINCREMENT NOT NULL, "work_id" integer, "patron_id" integer, "created_at" datetime, "updated_at" datetime) [0m
  [1m[35m (2.9ms)[0m  CREATE TABLE "languages" ("id" INTEGER PRIMARY KEY AUTOINCREMENT NOT NULL, "name" varchar(255), "native_name" varchar(255), "iso_639_1" varchar(255), "iso_639_2" varchar(255), "iso_639_3" varchar(255), "note" text, "position" integer, "created_at" datetime, "updated_at" datetime) 
  [1m[36m (3.0ms)[0m  [1mCREATE TABLE "manifestations" ("id" INTEGER PRIMARY KEY AUTOINCREMENT NOT NULL, "original_title" text, "title_transcription" text, "title_alternative" text, "pub_date" varchar(255), "isbn" varchar(255), "nbn" varchar(255), "ndc" varchar(255), "created_at" datetime, "updated_at" datetime) [0m
  [1m[35m (2.9ms)[0m  CREATE TABLE "patrons" ("id" INTEGER PRIMARY KEY AUTOINCREMENT NOT NULL, "full_name" text, "full_name_transcription" text, "created_at" datetime, "updated_at" datetime) 
  [1m[36m (2.8ms)[0m  [1mCREATE TABLE "produces" ("id" INTEGER PRIMARY KEY AUTOINCREMENT NOT NULL, "manifestation_id" integer, "patron_id" integer, "created_at" datetime, "updated_at" datetime) [0m
  [1m[35m (4.7ms)[0m  CREATE TABLE "roles" ("id" INTEGER PRIMARY KEY AUTOINCREMENT NOT NULL, "name" varchar(255), "display_name" text, "note" text, "position" integer, "created_at" datetime, "updated_at" datetime) 
  [1m[36m (2.9ms)[0m  [1mCREATE TABLE "users" ("id" INTEGER PRIMARY KEY AUTOINCREMENT NOT NULL, "created_at" datetime, "updated_at" datetime, "email" varchar(255) DEFAULT '' NOT NULL, "encrypted_password" varchar(128) DEFAULT '' NOT NULL, "reset_password_token" varchar(255), "reset_password_sent_at" datetime, "remember_created_at" datetime, "sign_in_count" integer DEFAULT 0, "current_sign_in_at" datetime, "last_sign_in_at" datetime, "current_sign_in_ip" varchar(255), "last_sign_in_ip" varchar(255)) [0m
  [1m[35m (0.0ms)[0m  PRAGMA index_list("users")
  [1m[36m (3.2ms)[0m  [1mCREATE UNIQUE INDEX "index_users_on_email" ON "users" ("email")[0m
  [1m[35m (0.1ms)[0m  PRAGMA index_list("users")
  [1m[36m (0.0ms)[0m  [1mPRAGMA index_info('index_users_on_email')[0m
  [1m[35m (2.8ms)[0m  CREATE UNIQUE INDEX "index_users_on_reset_password_token" ON "users" ("reset_password_token")
  [1m[36m (2.8ms)[0m  [1mCREATE TABLE "schema_migrations" ("version" varchar(255) NOT NULL) [0m
  [1m[35m (0.0ms)[0m  PRAGMA index_list("schema_migrations")
  [1m[36m (3.3ms)[0m  [1mCREATE UNIQUE INDEX "unique_schema_migrations" ON "schema_migrations" ("version")[0m
  [1m[35m (0.2ms)[0m  SELECT version FROM "schema_migrations"
  [1m[36m (4.4ms)[0m  [1mINSERT INTO "schema_migrations" (version) VALUES ('20111201121844')[0m
  [1m[35m (3.1ms)[0m  INSERT INTO "schema_migrations" (version) VALUES ('20111201111937')
  [1m[36m (3.2ms)[0m  [1mINSERT INTO "schema_migrations" (version) VALUES ('20111201111948')[0m
  [1m[35m (4.6ms)[0m  INSERT INTO "schema_migrations" (version) VALUES ('20111201115353')
  [1m[36m (3.0ms)[0m  [1mINSERT INTO "schema_migrations" (version) VALUES ('20111201115421')[0m
  [1m[35m (3.8ms)[0m  INSERT INTO "schema_migrations" (version) VALUES ('20111201115527')
  [1m[36m (3.9ms)[0m  [1mINSERT INTO "schema_migrations" (version) VALUES ('20111201115540')[0m
  [1m[35m (3.6ms)[0m  INSERT INTO "schema_migrations" (version) VALUES ('20111201121636')
  [1m[36m (0.1ms)[0m  [1mselect sqlite_version(*)[0m
  [1m[35m (57.9ms)[0m  CREATE TABLE "schema_migrations" ("version" varchar(255) NOT NULL) 
  [1m[36m (0.1ms)[0m  [1mPRAGMA index_list("schema_migrations")[0m
  [1m[35m (3.0ms)[0m  CREATE UNIQUE INDEX "unique_schema_migrations" ON "schema_migrations" ("version")
  [1m[36m (0.1ms)[0m  [1mSELECT "schema_migrations"."version" FROM "schema_migrations" [0m
Migrating to CreateUsers (20111201111937)
  [1m[35m (0.6ms)[0m  CREATE TABLE "users" ("id" INTEGER PRIMARY KEY AUTOINCREMENT NOT NULL, "created_at" datetime, "updated_at" datetime) 
  [1m[36m (0.2ms)[0m  [1mINSERT INTO "schema_migrations" ("version") VALUES ('20111201111937')[0m
Migrating to AddDeviseToUsers (20111201111948)
  [1m[35m (0.5ms)[0m  ALTER TABLE "users" ADD "email" varchar(255) DEFAULT '' NOT NULL
  [1m[36m (0.1ms)[0m  [1mALTER TABLE "users" ADD "encrypted_password" varchar(128) DEFAULT '' NOT NULL[0m
  [1m[35m (0.1ms)[0m  ALTER TABLE "users" ADD "reset_password_token" varchar(255)
  [1m[36m (0.1ms)[0m  [1mALTER TABLE "users" ADD "reset_password_sent_at" datetime[0m
  [1m[35m (0.1ms)[0m  ALTER TABLE "users" ADD "remember_created_at" datetime
  [1m[36m (0.3ms)[0m  [1mALTER TABLE "users" ADD "sign_in_count" integer DEFAULT 0[0m
  [1m[35m (6.7ms)[0m  ALTER TABLE "users" ADD "current_sign_in_at" datetime
  [1m[36m (0.2ms)[0m  [1mALTER TABLE "users" ADD "last_sign_in_at" datetime[0m
  [1m[35m (0.1ms)[0m  ALTER TABLE "users" ADD "current_sign_in_ip" varchar(255)
  [1m[36m (0.1ms)[0m  [1mALTER TABLE "users" ADD "last_sign_in_ip" varchar(255)[0m
  [1m[35m (0.0ms)[0m  PRAGMA index_list("users")
  [1m[36m (0.7ms)[0m  [1mCREATE UNIQUE INDEX "index_users_on_email" ON "users" ("email")[0m
  [1m[35m (0.0ms)[0m  PRAGMA index_list("users")
  [1m[36m (0.1ms)[0m  [1mPRAGMA index_info('index_users_on_email')[0m
  [1m[35m (0.2ms)[0m  CREATE UNIQUE INDEX "index_users_on_reset_password_token" ON "users" ("reset_password_token")
  [1m[36m (0.1ms)[0m  [1mINSERT INTO "schema_migrations" ("version") VALUES ('20111201111948')[0m
Migrating to CreateManifestations (20111201115353)
  [1m[35m (0.5ms)[0m  CREATE TABLE "manifestations" ("id" INTEGER PRIMARY KEY AUTOINCREMENT NOT NULL, "original_title" text, "title_transcription" text, "title_alternative" text, "pub_date" varchar(255), "isbn" varchar(255), "nbn" varchar(255), "ndc" varchar(255), "language_id" integer, "created_at" datetime, "updated_at" datetime) 
  [1m[36m (0.1ms)[0m  [1mINSERT INTO "schema_migrations" ("version") VALUES ('20111201115353')[0m
Migrating to CreatePatrons (20111201115421)
  [1m[35m (0.6ms)[0m  CREATE TABLE "patrons" ("id" INTEGER PRIMARY KEY AUTOINCREMENT NOT NULL, "full_name" text, "full_name_transcription" text, "created_at" datetime, "updated_at" datetime) 
  [1m[36m (0.2ms)[0m  [1mINSERT INTO "schema_migrations" ("version") VALUES ('20111201115421')[0m
Migrating to CreateCreates (20111201115527)
  [1m[35m (0.5ms)[0m  CREATE TABLE "creates" ("id" INTEGER PRIMARY KEY AUTOINCREMENT NOT NULL, "work_id" integer, "patron_id" integer, "created_at" datetime, "updated_at" datetime) 
  [1m[36m (0.2ms)[0m  [1mINSERT INTO "schema_migrations" ("version") VALUES ('20111201115527')[0m
Migrating to CreateProduces (20111201115540)
  [1m[35m (0.6ms)[0m  CREATE TABLE "produces" ("id" INTEGER PRIMARY KEY AUTOINCREMENT NOT NULL, "manifestation_id" integer, "patron_id" integer, "created_at" datetime, "updated_at" datetime) 
  [1m[36m (0.2ms)[0m  [1mINSERT INTO "schema_migrations" ("version") VALUES ('20111201115540')[0m
Migrating to CreateLanguages (20111201121636)
  [1m[35m (0.5ms)[0m  CREATE TABLE "languages" ("id" INTEGER PRIMARY KEY AUTOINCREMENT NOT NULL, "name" varchar(255), "native_name" varchar(255), "iso_639_1" varchar(255), "iso_639_2" varchar(255), "iso_639_3" varchar(255), "note" text, "position" integer, "created_at" datetime, "updated_at" datetime) 
  [1m[36m (0.2ms)[0m  [1mINSERT INTO "schema_migrations" ("version") VALUES ('20111201121636')[0m
Migrating to CreateRoles (20111201121844)
  [1m[35m (0.5ms)[0m  CREATE TABLE "roles" ("id" INTEGER PRIMARY KEY AUTOINCREMENT NOT NULL, "name" varchar(255), "display_name" text, "note" text, "position" integer, "created_at" datetime, "updated_at" datetime) 
  [1m[36m (0.1ms)[0m  [1mINSERT INTO "schema_migrations" ("version") VALUES ('20111201121844')[0m
  [1m[35m (0.4ms)[0m  select sqlite_version(*)
  [1m[36m (0.1ms)[0m  [1mSELECT "schema_migrations"."version" FROM "schema_migrations" [0m
  [1m[35m (0.0ms)[0m  PRAGMA index_list("creates")
  [1m[36m (0.0ms)[0m  [1mPRAGMA index_list("languages")[0m
  [1m[35m (0.0ms)[0m  PRAGMA index_list("manifestations")
  [1m[36m (0.0ms)[0m  [1mPRAGMA index_list("patrons")[0m
  [1m[35m (0.0ms)[0m  PRAGMA index_list("produces")
  [1m[36m (0.0ms)[0m  [1mPRAGMA index_list("roles")[0m
  [1m[35m (0.0ms)[0m  PRAGMA index_list("users")
  [1m[36m (0.0ms)[0m  [1mPRAGMA index_info('index_users_on_reset_password_token')[0m
  [1m[35m (0.0ms)[0m  PRAGMA index_info('index_users_on_email')
  [1m[36m (0.1ms)[0m  [1mselect sqlite_version(*)[0m
  [1m[35m (55.3ms)[0m  CREATE TABLE "schema_migrations" ("version" varchar(255) NOT NULL) 
  [1m[36m (0.1ms)[0m  [1mPRAGMA index_list("schema_migrations")[0m
  [1m[35m (3.0ms)[0m  CREATE UNIQUE INDEX "unique_schema_migrations" ON "schema_migrations" ("version")
  [1m[36m (0.1ms)[0m  [1mSELECT "schema_migrations"."version" FROM "schema_migrations" [0m
Migrating to CreateUsers (20111201111937)
  [1m[35m (0.7ms)[0m  CREATE TABLE "users" ("id" INTEGER PRIMARY KEY AUTOINCREMENT NOT NULL, "created_at" datetime, "updated_at" datetime) 
  [1m[36m (0.2ms)[0m  [1mINSERT INTO "schema_migrations" ("version") VALUES ('20111201111937')[0m
Migrating to AddDeviseToUsers (20111201111948)
  [1m[35m (0.5ms)[0m  ALTER TABLE "users" ADD "email" varchar(255) DEFAULT '' NOT NULL
  [1m[36m (0.1ms)[0m  [1mALTER TABLE "users" ADD "encrypted_password" varchar(128) DEFAULT '' NOT NULL[0m
  [1m[35m (0.1ms)[0m  ALTER TABLE "users" ADD "reset_password_token" varchar(255)
  [1m[36m (0.1ms)[0m  [1mALTER TABLE "users" ADD "reset_password_sent_at" datetime[0m
  [1m[35m (0.1ms)[0m  ALTER TABLE "users" ADD "remember_created_at" datetime
  [1m[36m (0.3ms)[0m  [1mALTER TABLE "users" ADD "sign_in_count" integer DEFAULT 0[0m
  [1m[35m (0.2ms)[0m  ALTER TABLE "users" ADD "current_sign_in_at" datetime
  [1m[36m (0.1ms)[0m  [1mALTER TABLE "users" ADD "last_sign_in_at" datetime[0m
  [1m[35m (0.1ms)[0m  ALTER TABLE "users" ADD "current_sign_in_ip" varchar(255)
  [1m[36m (0.1ms)[0m  [1mALTER TABLE "users" ADD "last_sign_in_ip" varchar(255)[0m
  [1m[35m (0.0ms)[0m  PRAGMA index_list("users")
  [1m[36m (0.4ms)[0m  [1mCREATE UNIQUE INDEX "index_users_on_email" ON "users" ("email")[0m
  [1m[35m (0.0ms)[0m  PRAGMA index_list("users")
  [1m[36m (0.1ms)[0m  [1mPRAGMA index_info('index_users_on_email')[0m
  [1m[35m (0.4ms)[0m  CREATE UNIQUE INDEX "index_users_on_reset_password_token" ON "users" ("reset_password_token")
  [1m[36m (0.2ms)[0m  [1mINSERT INTO "schema_migrations" ("version") VALUES ('20111201111948')[0m
Migrating to CreateManifestations (20111201115353)
  [1m[35m (0.6ms)[0m  CREATE TABLE "manifestations" ("id" INTEGER PRIMARY KEY AUTOINCREMENT NOT NULL, "original_title" text, "title_transcription" text, "title_alternative" text, "pub_date" varchar(255), "isbn" varchar(255), "nbn" varchar(255), "ndc" varchar(255), "language_id" integer, "created_at" datetime, "updated_at" datetime) 
  [1m[36m (0.1ms)[0m  [1mINSERT INTO "schema_migrations" ("version") VALUES ('20111201115353')[0m
Migrating to CreatePatrons (20111201115421)
  [1m[36m (0.2ms)[0m  [1mSELECT "schema_migrations"."version" FROM "schema_migrations" [0m
Migrating to CreateUsers (20111201111937)
Migrating to AddDeviseToUsers (20111201111948)
Migrating to CreateManifestations (20111201115353)
Migrating to CreatePatrons (20111201115421)
  [1m[35m (0.0ms)[0m  select sqlite_version(*)
  [1m[36m (0.5ms)[0m  [1mCREATE TABLE "patrons" ("id" INTEGER PRIMARY KEY AUTOINCREMENT NOT NULL, "full_name" text, "full_name_transcription" text, "language_id" integer, "created_at" datetime, "updated_at" datetime) [0m
  [1m[35m (0.1ms)[0m  INSERT INTO "schema_migrations" ("version") VALUES ('20111201115421')
Migrating to CreateCreates (20111201115527)
  [1m[36m (0.5ms)[0m  [1mCREATE TABLE "creates" ("id" INTEGER PRIMARY KEY AUTOINCREMENT NOT NULL, "work_id" integer, "patron_id" integer, "created_at" datetime, "updated_at" datetime) [0m
  [1m[35m (0.1ms)[0m  INSERT INTO "schema_migrations" ("version") VALUES ('20111201115527')
Migrating to CreateProduces (20111201115540)
  [1m[36m (0.5ms)[0m  [1mCREATE TABLE "produces" ("id" INTEGER PRIMARY KEY AUTOINCREMENT NOT NULL, "manifestation_id" integer, "patron_id" integer, "created_at" datetime, "updated_at" datetime) [0m
  [1m[35m (0.1ms)[0m  INSERT INTO "schema_migrations" ("version") VALUES ('20111201115540')
Migrating to CreateLanguages (20111201121636)
  [1m[36m (0.5ms)[0m  [1mCREATE TABLE "languages" ("id" INTEGER PRIMARY KEY AUTOINCREMENT NOT NULL, "name" varchar(255), "native_name" varchar(255), "iso_639_1" varchar(255), "iso_639_2" varchar(255), "iso_639_3" varchar(255), "note" text, "position" integer, "created_at" datetime, "updated_at" datetime) [0m
  [1m[35m (0.1ms)[0m  INSERT INTO "schema_migrations" ("version") VALUES ('20111201121636')
Migrating to CreateRoles (20111201121844)
  [1m[36m (0.5ms)[0m  [1mCREATE TABLE "roles" ("id" INTEGER PRIMARY KEY AUTOINCREMENT NOT NULL, "name" varchar(255), "display_name" text, "note" text, "position" integer, "created_at" datetime, "updated_at" datetime) [0m
  [1m[35m (0.1ms)[0m  INSERT INTO "schema_migrations" ("version") VALUES ('20111201121844')
  [1m[36m (0.5ms)[0m  [1mselect sqlite_version(*)[0m
  [1m[35m (0.1ms)[0m  SELECT "schema_migrations"."version" FROM "schema_migrations" 
  [1m[36m (0.0ms)[0m  [1mPRAGMA index_list("creates")[0m
  [1m[35m (0.0ms)[0m  PRAGMA index_list("languages")
  [1m[36m (0.0ms)[0m  [1mPRAGMA index_list("manifestations")[0m
  [1m[35m (0.0ms)[0m  PRAGMA index_list("patrons")
  [1m[36m (0.0ms)[0m  [1mPRAGMA index_list("produces")[0m
  [1m[35m (0.0ms)[0m  PRAGMA index_list("roles")
  [1m[36m (0.0ms)[0m  [1mPRAGMA index_list("users")[0m
  [1m[35m (0.0ms)[0m  PRAGMA index_info('index_users_on_reset_password_token')
  [1m[36m (0.0ms)[0m  [1mPRAGMA index_info('index_users_on_email')[0m
  [1m[36m (0.1ms)[0m  [1mselect sqlite_version(*)[0m
  [1m[35m (48.7ms)[0m  CREATE TABLE "schema_migrations" ("version" varchar(255) NOT NULL) 
  [1m[36m (0.1ms)[0m  [1mPRAGMA index_list("schema_migrations")[0m
  [1m[35m (2.7ms)[0m  CREATE UNIQUE INDEX "unique_schema_migrations" ON "schema_migrations" ("version")
  [1m[36m (0.1ms)[0m  [1mSELECT "schema_migrations"."version" FROM "schema_migrations" [0m
Migrating to CreateUsers (20111201111937)
  [1m[35m (0.5ms)[0m  CREATE TABLE "users" ("id" INTEGER PRIMARY KEY AUTOINCREMENT NOT NULL, "created_at" datetime, "updated_at" datetime) 
  [1m[36m (0.1ms)[0m  [1mINSERT INTO "schema_migrations" ("version") VALUES ('20111201111937')[0m
Migrating to AddDeviseToUsers (20111201111948)
  [1m[35m (0.5ms)[0m  ALTER TABLE "users" ADD "email" varchar(255) DEFAULT '' NOT NULL
  [1m[36m (0.1ms)[0m  [1mALTER TABLE "users" ADD "encrypted_password" varchar(128) DEFAULT '' NOT NULL[0m
  [1m[35m (0.1ms)[0m  ALTER TABLE "users" ADD "reset_password_token" varchar(255)
  [1m[36m (0.1ms)[0m  [1mALTER TABLE "users" ADD "reset_password_sent_at" datetime[0m
  [1m[35m (0.1ms)[0m  ALTER TABLE "users" ADD "remember_created_at" datetime
  [1m[36m (0.3ms)[0m  [1mALTER TABLE "users" ADD "sign_in_count" integer DEFAULT 0[0m
  [1m[35m (0.1ms)[0m  ALTER TABLE "users" ADD "current_sign_in_at" datetime
  [1m[36m (0.1ms)[0m  [1mALTER TABLE "users" ADD "last_sign_in_at" datetime[0m
  [1m[35m (0.2ms)[0m  ALTER TABLE "users" ADD "current_sign_in_ip" varchar(255)
  [1m[36m (0.2ms)[0m  [1mALTER TABLE "users" ADD "last_sign_in_ip" varchar(255)[0m
  [1m[35m (0.0ms)[0m  PRAGMA index_list("users")
  [1m[36m (0.5ms)[0m  [1mCREATE UNIQUE INDEX "index_users_on_email" ON "users" ("email")[0m
  [1m[35m (0.0ms)[0m  PRAGMA index_list("users")
  [1m[36m (0.0ms)[0m  [1mPRAGMA index_info('index_users_on_email')[0m
  [1m[35m (0.1ms)[0m  CREATE UNIQUE INDEX "index_users_on_reset_password_token" ON "users" ("reset_password_token")
  [1m[36m (0.1ms)[0m  [1mINSERT INTO "schema_migrations" ("version") VALUES ('20111201111948')[0m
Migrating to CreateManifestations (20111201115353)
  [1m[35m (0.5ms)[0m  CREATE TABLE "manifestations" ("id" INTEGER PRIMARY KEY AUTOINCREMENT NOT NULL, "original_title" text, "title_transcription" text, "title_alternative" text, "pub_date" varchar(255), "isbn" varchar(255), "nbn" varchar(255), "ndc" varchar(255), "language_id" integer, "created_at" datetime, "updated_at" datetime) 
  [1m[36m (0.1ms)[0m  [1mINSERT INTO "schema_migrations" ("version") VALUES ('20111201115353')[0m
Migrating to CreatePatrons (20111201115421)
  [1m[35m (0.5ms)[0m  CREATE TABLE "patrons" ("id" INTEGER PRIMARY KEY AUTOINCREMENT NOT NULL, "full_name" text, "full_name_transcription" text, "language_id" integer, "required_role_id" integer, "created_at" datetime, "updated_at" datetime) 
  [1m[36m (0.2ms)[0m  [1mINSERT INTO "schema_migrations" ("version") VALUES ('20111201115421')[0m
Migrating to CreateCreates (20111201115527)
  [1m[35m (0.5ms)[0m  CREATE TABLE "creates" ("id" INTEGER PRIMARY KEY AUTOINCREMENT NOT NULL, "work_id" integer, "patron_id" integer, "created_at" datetime, "updated_at" datetime) 
  [1m[36m (0.2ms)[0m  [1mINSERT INTO "schema_migrations" ("version") VALUES ('20111201115527')[0m
Migrating to CreateProduces (20111201115540)
  [1m[35m (0.5ms)[0m  CREATE TABLE "produces" ("id" INTEGER PRIMARY KEY AUTOINCREMENT NOT NULL, "manifestation_id" integer, "patron_id" integer, "created_at" datetime, "updated_at" datetime) 
  [1m[36m (0.1ms)[0m  [1mINSERT INTO "schema_migrations" ("version") VALUES ('20111201115540')[0m
Migrating to CreateLanguages (20111201121636)
  [1m[35m (0.5ms)[0m  CREATE TABLE "languages" ("id" INTEGER PRIMARY KEY AUTOINCREMENT NOT NULL, "name" varchar(255), "native_name" varchar(255), "iso_639_1" varchar(255), "iso_639_2" varchar(255), "iso_639_3" varchar(255), "note" text, "position" integer, "created_at" datetime, "updated_at" datetime) 
  [1m[36m (0.1ms)[0m  [1mINSERT INTO "schema_migrations" ("version") VALUES ('20111201121636')[0m
Migrating to CreateRoles (20111201121844)
  [1m[35m (0.5ms)[0m  CREATE TABLE "roles" ("id" INTEGER PRIMARY KEY AUTOINCREMENT NOT NULL, "name" varchar(255), "display_name" text, "note" text, "position" integer, "created_at" datetime, "updated_at" datetime) 
  [1m[36m (0.2ms)[0m  [1mINSERT INTO "schema_migrations" ("version") VALUES ('20111201121844')[0m
  [1m[35m (0.5ms)[0m  select sqlite_version(*)
  [1m[36m (0.1ms)[0m  [1mSELECT "schema_migrations"."version" FROM "schema_migrations" [0m
  [1m[35m (0.0ms)[0m  PRAGMA index_list("creates")
  [1m[36m (0.0ms)[0m  [1mPRAGMA index_list("languages")[0m
  [1m[35m (0.0ms)[0m  PRAGMA index_list("manifestations")
  [1m[36m (0.0ms)[0m  [1mPRAGMA index_list("patrons")[0m
  [1m[35m (0.0ms)[0m  PRAGMA index_list("produces")
  [1m[36m (0.0ms)[0m  [1mPRAGMA index_list("roles")[0m
  [1m[35m (0.0ms)[0m  PRAGMA index_list("users")
  [1m[36m (0.0ms)[0m  [1mPRAGMA index_info('index_users_on_reset_password_token')[0m
  [1m[35m (0.0ms)[0m  PRAGMA index_info('index_users_on_email')
